<?xml version="1.0" encoding="UTF-8"?>
<!-- Generated by org.testng.reporters.JUnitReportReporter -->
<testsuite hostname="MSR" failures="0" tests="1" name="com.Hrms.tests.NewTest" time="8.959" errors="0" timestamp="2024-10-19T20:00:43 IST" skipped="0">
  <testcase classname="com.Hrms.tests.NewTest" name="openBrowser" time="8.959"/>
</testsuite> <!-- com.Hrms.tests.NewTest -->
