<?xml version="1.0" encoding="UTF-8"?>
<!-- Generated by org.testng.reporters.JUnitReportReporter -->
<testsuite hostname="LAPTOP-5TIT49CS" name="com.dominos.tests.Login_With_xlsFile" tests="1" failures="0" timestamp="3 Jul 2023 03:32:41 GMT" time="5.007" errors="0">
  <testcase name="loginTest" time="5.007" classname="com.dominos.tests.Login_With_xlsFile"/>
</testsuite> <!-- com.dominos.tests.Login_With_xlsFile -->
