<?xml version="1.0" encoding="UTF-8"?>
<!-- Generated by org.testng.reporters.JUnitReportReporter -->
<testsuite hostname="LAPTOP-5TIT49CS" name="com.Hrms.tests.TestLoginPage" tests="1" failures="0" timestamp="18 Oct 2023 03:55:01 GMT" time="6.747" errors="0">
  <testcase name="verifyLoginPage" time="6.747" classname="com.Hrms.tests.TestLoginPage"/>
</testsuite> <!-- com.Hrms.tests.TestLoginPage -->
