<?xml version="1.0" encoding="UTF-8"?>
<!-- Generated by org.testng.reporters.JUnitReportReporter -->
<testsuite hostname="LAPTOP-5TIT49CS" failures="0" tests="1" name="com.Hrms.tests.TestPIMPage" time="28.717" errors="0" timestamp="2024-08-22T23:20:23 IST" skipped="0">
  <testcase classname="com.Hrms.tests.TestPIMPage" name="addAndVerifyEmployee" time="28.717"/>
  <system-out/>
</testsuite> <!-- com.Hrms.tests.TestPIMPage -->
