<?xml version="1.0" encoding="UTF-8"?>
<!-- Generated by org.testng.reporters.JUnitReportReporter -->
<testsuite hostname="LAPTOP-5TIT49CS" name="com.dominos.tests.VerifyWebtableData" tests="1" failures="0" timestamp="6 Jul 2023 03:02:04 GMT" time="0.382" errors="0">
  <testcase name="CountRowsTest" time="0.382" classname="com.dominos.tests.VerifyWebtableData"/>
</testsuite> <!-- com.dominos.tests.VerifyWebtableData -->
